<?xml version="1.0" encoding="UTF-8"?>
<!-- Generated by org.testng.reporters.JUnitReportReporter -->
<testsuite hostname="Ram" failures="0" tests="1" name="com.swagLabs.Qa.TestCases.CartClass" time="18.519" errors="0" timestamp="2025-09-05T22:15:29 IST" skipped="0">
  <testcase classname="com.swagLabs.Qa.TestCases.CartClass" name="adding_Items_To_cart" time="18.519"/>
</testsuite> <!-- com.swagLabs.Qa.TestCases.CartClass -->
