<?xml version="1.0" encoding="UTF-8"?>
<!-- Generated by org.testng.reporters.JUnitReportReporter -->
<testsuite hostname="Ram" failures="0" tests="2" name="com.swagLabs.Qa.TestCases.TC_002" time="30.210" errors="0" timestamp="2025-07-13T10:42:32 IST" skipped="0">
  <testcase classname="com.swagLabs.Qa.TestCases.TC_002" name="adding_Items_To_cart" time="17.853"/>
  <testcase classname="com.swagLabs.Qa.TestCases.TC_002" name="perfrom_Checkout_For_Added_Items" time="12.357"/>
</testsuite> <!-- com.swagLabs.Qa.TestCases.TC_002 -->
