<?xml version="1.0" encoding="UTF-8"?>
<!-- Generated by org.testng.reporters.JUnitReportReporter -->
<testsuite hostname="Ram" failures="0" tests="1" name="com.swagLabs.Qa.TestCases.LoginClass" time="16.197" errors="0" timestamp="2025-09-05T22:15:29 IST" skipped="0">
  <testcase classname="com.swagLabs.Qa.TestCases.LoginClass" name="login_Into_Application_With_Valid_Creds" time="16.197"/>
</testsuite> <!-- com.swagLabs.Qa.TestCases.LoginClass -->
