<?xml version="1.0" encoding="UTF-8"?>
<!-- Generated by org.testng.reporters.JUnitReportReporter -->
<testsuite hostname="Ram" failures="0" tests="4" name="com.swagLabs.Qa.TestCases.TC_001" time="12.494" errors="0" timestamp="2025-07-13T14:44:23 IST" skipped="3">
  <testcase classname="com.swagLabs.Qa.TestCases.TC_001" name="login_Into_Application_With_Valid_Creds" time="12.494"/>
  <testcase classname="com.swagLabs.Qa.TestCases.TC_001" name="login_Into_Application_With_Only_Password">
    <skipped/>
  </testcase> <!-- login_Into_Application_With_Only_Password -->
  <testcase classname="com.swagLabs.Qa.TestCases.TC_001" name="login_Into_Application_With_InValid_Creds">
    <skipped/>
  </testcase> <!-- login_Into_Application_With_InValid_Creds -->
  <testcase classname="com.swagLabs.Qa.TestCases.TC_001" name="login_Into_Application_With_Only_UserName">
    <skipped/>
  </testcase> <!-- login_Into_Application_With_Only_UserName -->
</testsuite> <!-- com.swagLabs.Qa.TestCases.TC_001 -->
